mode: set
github.com/teamcubation/go-items-challenge/internal/adapters/http/auth_handler.go:19.54,21.2 1 1
github.com/teamcubation/go-items-challenge/internal/adapters/http/auth_handler.go:34.72,38.59 3 1
github.com/teamcubation/go-items-challenge/internal/adapters/http/auth_handler.go:38.59,42.6 1 0
github.com/teamcubation/go-items-challenge/internal/adapters/http/auth_handler.go:43.3,43.9 1 0
github.com/teamcubation/go-items-challenge/internal/adapters/http/auth_handler.go:46.2,46.22 1 1
github.com/teamcubation/go-items-challenge/internal/adapters/http/auth_handler.go:46.22,50.6 1 1
github.com/teamcubation/go-items-challenge/internal/adapters/http/auth_handler.go:51.3,51.9 1 0
github.com/teamcubation/go-items-challenge/internal/adapters/http/auth_handler.go:54.2,54.22 1 1
github.com/teamcubation/go-items-challenge/internal/adapters/http/auth_handler.go:54.22,58.6 1 1
github.com/teamcubation/go-items-challenge/internal/adapters/http/auth_handler.go:59.3,59.9 1 0
github.com/teamcubation/go-items-challenge/internal/adapters/http/auth_handler.go:62.2,63.16 2 1
github.com/teamcubation/go-items-challenge/internal/adapters/http/auth_handler.go:63.16,64.52 1 1
github.com/teamcubation/go-items-challenge/internal/adapters/http/auth_handler.go:64.52,68.7 1 1
github.com/teamcubation/go-items-challenge/internal/adapters/http/auth_handler.go:69.4,69.10 1 0
github.com/teamcubation/go-items-challenge/internal/adapters/http/auth_handler.go:71.3,74.6 1 0
github.com/teamcubation/go-items-challenge/internal/adapters/http/auth_handler.go:75.3,75.9 1 0
github.com/teamcubation/go-items-challenge/internal/adapters/http/auth_handler.go:78.2,79.109 2 1
github.com/teamcubation/go-items-challenge/internal/adapters/http/auth_handler.go:79.109,83.6 1 0
github.com/teamcubation/go-items-challenge/internal/adapters/http/auth_handler.go:84.3,84.9 1 0
github.com/teamcubation/go-items-challenge/internal/adapters/http/auth_handler.go:100.69,106.63 5 1
github.com/teamcubation/go-items-challenge/internal/adapters/http/auth_handler.go:106.63,110.6 1 0
github.com/teamcubation/go-items-challenge/internal/adapters/http/auth_handler.go:111.3,111.9 1 0
github.com/teamcubation/go-items-challenge/internal/adapters/http/auth_handler.go:114.2,114.50 1 1
github.com/teamcubation/go-items-challenge/internal/adapters/http/auth_handler.go:114.50,118.6 1 0
github.com/teamcubation/go-items-challenge/internal/adapters/http/auth_handler.go:119.3,119.9 1 0
github.com/teamcubation/go-items-challenge/internal/adapters/http/auth_handler.go:121.2,121.53 1 1
github.com/teamcubation/go-items-challenge/internal/adapters/http/auth_handler.go:121.53,124.3 2 0
github.com/teamcubation/go-items-challenge/internal/adapters/http/auth_handler.go:125.2,126.16 2 1
github.com/teamcubation/go-items-challenge/internal/adapters/http/auth_handler.go:126.16,127.54 1 1
github.com/teamcubation/go-items-challenge/internal/adapters/http/auth_handler.go:127.54,131.7 1 1
github.com/teamcubation/go-items-challenge/internal/adapters/http/auth_handler.go:132.4,132.10 1 0
github.com/teamcubation/go-items-challenge/internal/adapters/http/auth_handler.go:134.3,137.6 1 0
github.com/teamcubation/go-items-challenge/internal/adapters/http/auth_handler.go:138.3,138.9 1 0
github.com/teamcubation/go-items-challenge/internal/adapters/http/auth_handler.go:141.2,142.85 2 1
github.com/teamcubation/go-items-challenge/internal/adapters/http/auth_handler.go:142.85,146.6 1 0
github.com/teamcubation/go-items-challenge/internal/adapters/http/auth_handler.go:147.3,147.9 1 0
github.com/teamcubation/go-items-challenge/internal/adapters/http/item_handler.go:20.62,22.2 1 1
github.com/teamcubation/go-items-challenge/internal/adapters/http/item_handler.go:34.74,36.61 2 1
github.com/teamcubation/go-items-challenge/internal/adapters/http/item_handler.go:36.61,40.6 1 0
github.com/teamcubation/go-items-challenge/internal/adapters/http/item_handler.go:41.3,41.9 1 0
github.com/teamcubation/go-items-challenge/internal/adapters/http/item_handler.go:43.2,43.51 1 1
github.com/teamcubation/go-items-challenge/internal/adapters/http/item_handler.go:43.51,46.3 2 0
github.com/teamcubation/go-items-challenge/internal/adapters/http/item_handler.go:47.2,48.16 2 1
github.com/teamcubation/go-items-challenge/internal/adapters/http/item_handler.go:48.16,52.6 1 0
github.com/teamcubation/go-items-challenge/internal/adapters/http/item_handler.go:53.3,53.9 1 0
github.com/teamcubation/go-items-challenge/internal/adapters/http/item_handler.go:55.2,55.63 1 1
github.com/teamcubation/go-items-challenge/internal/adapters/http/item_handler.go:55.63,59.6 1 0
github.com/teamcubation/go-items-challenge/internal/adapters/http/item_handler.go:60.3,60.9 1 0
github.com/teamcubation/go-items-challenge/internal/adapters/http/item_handler.go:76.74,79.16 3 1
github.com/teamcubation/go-items-challenge/internal/adapters/http/item_handler.go:79.16,83.6 1 0
github.com/teamcubation/go-items-challenge/internal/adapters/http/item_handler.go:84.3,84.9 1 0
github.com/teamcubation/go-items-challenge/internal/adapters/http/item_handler.go:86.2,87.61 2 1
github.com/teamcubation/go-items-challenge/internal/adapters/http/item_handler.go:87.61,91.6 1 0
github.com/teamcubation/go-items-challenge/internal/adapters/http/item_handler.go:92.3,92.9 1 0
github.com/teamcubation/go-items-challenge/internal/adapters/http/item_handler.go:94.2,94.51 1 1
github.com/teamcubation/go-items-challenge/internal/adapters/http/item_handler.go:94.51,98.6 1 0
github.com/teamcubation/go-items-challenge/internal/adapters/http/item_handler.go:99.3,99.9 1 0
github.com/teamcubation/go-items-challenge/internal/adapters/http/item_handler.go:101.2,103.16 3 1
github.com/teamcubation/go-items-challenge/internal/adapters/http/item_handler.go:103.16,107.6 1 0
github.com/teamcubation/go-items-challenge/internal/adapters/http/item_handler.go:108.3,108.9 1 0
github.com/teamcubation/go-items-challenge/internal/adapters/http/item_handler.go:110.2,110.63 1 1
github.com/teamcubation/go-items-challenge/internal/adapters/http/item_handler.go:110.63,114.6 1 0
github.com/teamcubation/go-items-challenge/internal/adapters/http/item_handler.go:115.3,115.9 1 0
github.com/teamcubation/go-items-challenge/internal/adapters/http/item_handler.go:130.74,133.16 3 1
github.com/teamcubation/go-items-challenge/internal/adapters/http/item_handler.go:133.16,137.6 1 0
github.com/teamcubation/go-items-challenge/internal/adapters/http/item_handler.go:138.3,138.9 1 0
github.com/teamcubation/go-items-challenge/internal/adapters/http/item_handler.go:140.2,141.16 2 1
github.com/teamcubation/go-items-challenge/internal/adapters/http/item_handler.go:141.16,145.6 1 0
github.com/teamcubation/go-items-challenge/internal/adapters/http/item_handler.go:146.3,146.9 1 0
github.com/teamcubation/go-items-challenge/internal/adapters/http/item_handler.go:148.2,148.63 1 1
github.com/teamcubation/go-items-challenge/internal/adapters/http/item_handler.go:148.63,152.6 1 0
github.com/teamcubation/go-items-challenge/internal/adapters/http/item_handler.go:153.3,153.9 1 0
github.com/teamcubation/go-items-challenge/internal/adapters/http/item_handler.go:168.75,175.16 6 1
github.com/teamcubation/go-items-challenge/internal/adapters/http/item_handler.go:175.16,179.6 1 0
github.com/teamcubation/go-items-challenge/internal/adapters/http/item_handler.go:180.3,180.9 1 0
github.com/teamcubation/go-items-challenge/internal/adapters/http/item_handler.go:182.2,183.16 2 1
github.com/teamcubation/go-items-challenge/internal/adapters/http/item_handler.go:183.16,187.6 1 0
github.com/teamcubation/go-items-challenge/internal/adapters/http/item_handler.go:188.3,188.9 1 0
github.com/teamcubation/go-items-challenge/internal/adapters/http/item_handler.go:190.2,190.16 1 1
github.com/teamcubation/go-items-challenge/internal/adapters/http/item_handler.go:190.16,194.6 1 0
github.com/teamcubation/go-items-challenge/internal/adapters/http/item_handler.go:195.3,195.9 1 0
github.com/teamcubation/go-items-challenge/internal/adapters/http/item_handler.go:197.2,197.55 1 1
github.com/teamcubation/go-items-challenge/internal/adapters/http/item_handler.go:197.55,201.6 1 0
github.com/teamcubation/go-items-challenge/internal/adapters/http/item_handler.go:202.3,202.9 1 0
github.com/teamcubation/go-items-challenge/internal/adapters/http/item_handler.go:220.73,225.16 4 1
github.com/teamcubation/go-items-challenge/internal/adapters/http/item_handler.go:225.16,229.6 1 0
github.com/teamcubation/go-items-challenge/internal/adapters/http/item_handler.go:230.3,230.9 1 0
github.com/teamcubation/go-items-challenge/internal/adapters/http/item_handler.go:233.2,234.16 2 1
github.com/teamcubation/go-items-challenge/internal/adapters/http/item_handler.go:234.16,238.6 1 0
github.com/teamcubation/go-items-challenge/internal/adapters/http/item_handler.go:239.3,239.9 1 0
github.com/teamcubation/go-items-challenge/internal/adapters/http/item_handler.go:241.2,242.16 2 1
github.com/teamcubation/go-items-challenge/internal/adapters/http/item_handler.go:242.16,246.6 1 0
github.com/teamcubation/go-items-challenge/internal/adapters/http/item_handler.go:247.3,247.9 1 0
github.com/teamcubation/go-items-challenge/internal/adapters/http/item_handler.go:249.2,249.57 1 1
github.com/teamcubation/go-items-challenge/internal/adapters/http/item_handler.go:249.57,253.6 1 0
github.com/teamcubation/go-items-challenge/internal/adapters/http/item_handler.go:254.3,254.9 1 0
